This is pdfTeX, Version 3.14159265-2.6-1.40.16 (TeX Live 2015/Debian) (preloaded format=prv_Feuille02 2017.10.5)  5 OCT 2017 22:56
entering extended mode
 restricted \write18 enabled.
 %&-line parsing enabled.
**&prv_Feuille02 _region_.tex
(./_region_.tex
LaTeX2e <2016/02/01>
Babel <3.9q> and hyphenation patterns for 81 language(s) loaded.
Package: vmargin 2004/07/15 V2.5 set document margins (VK)
CUSTOMISED FORMAT. Preloaded files:
        .
 article.cls    2014/09/29 v1.4h Standard LaTeX document class
  size12.clo    2014/09/29 v1.4h Standard LaTeX file (size option)
   babel.sty    2016/02/24 3.9q The Babel package
 frenchb.ldf    2016/02/13 v3.1l French support from the babel system
scalefnt.sty    
  keyval.sty    2014/10/28 v1.15 key=value parser (DPC)
 fontenc.sty
   t1enc.def    2005/09/27 v1.99g Standard LaTeX file
inputenc.sty    2015/03/17 v1.2c Input encoding file
   utf8x.def    2004/10/17 UCS: Input encoding UTF-8
     ucs.sty    2013/05/11 v2.2 UCS: Unicode input support
uni-global.def    2013/05/13 UCS: Unicode global data
  ifthen.sty    2014/09/29 v1.1c Standard LaTeX ifthen package (DPC)
 amsmath.sty    2016/03/03 v2.15a AMS math features
 amstext.sty    2000/06/29 v2.01 AMS text
  amsgen.sty    1999/11/30 v2.0 generic functions
  amsbsy.sty    1999/11/29 v1.2d Bold Symbols
  amsopn.sty    1999/12/14 v2.01 operator names
amsfonts.sty    2013/01/14 v3.01 Basic AMSFonts support
 vmargin.sty    2004/07/15 V2.5 set document margins (VK)
 amssymb.sty    2013/01/14 v3.01 AMS font symbols
lastpage.sty    2015/03/29 v1.2m Refers to last page's name (HMM; JPG)
 accents.sty    2006/05/12 v1.3 Math Accent Tools
datetime.sty    2015/03/20 v2.60 Date Time Package
etoolbox.sty    2015/08/02 v2.2a e-TeX tools for LaTeX (JAW)
fmtcount.sty    2015/05/05 v3.01
 xkeyval.sty    2014/12/03 v2.7a package option processing (HA)
 xkeyval.tex    2014/12/03 v2.7a key=value parser (HA)
fcprefix.sty    2012/09/28
fcnumparser.sty    2012/09/28
 ifxetex.sty    2010/09/12 v0.6 Provides ifxetex conditional
fc-frenchb.def    2013/08/17
fc-french.def    2012/10/24
datetime-defaults.sty    2013/09/10
dt-french.def    2013/09/10
    umsa.fd    2013/01/14 v3.01 AMS symbols A
    umsb.fd    2013/01/14 v3.01 AMS symbols B
  t1cmtt.fd    2014/09/29 v2.5h Standard LaTeX font definitions
  t1cmss.fd    2014/09/29 v2.5h Standard LaTeX font definitions
        .
No file _region_.aux.
LaTeX Font Info:    Checking defaults for OML/cmm/m/it on input line 212.
LaTeX Font Info:    ... okay on input line 212.
LaTeX Font Info:    Checking defaults for T1/cmr/m/n on input line 212.
LaTeX Font Info:    ... okay on input line 212.
LaTeX Font Info:    Checking defaults for OT1/cmr/m/n on input line 212.
LaTeX Font Info:    ... okay on input line 212.
LaTeX Font Info:    Checking defaults for OMS/cmsy/m/n on input line 212.
LaTeX Font Info:    ... okay on input line 212.
LaTeX Font Info:    Checking defaults for OMX/cmex/m/n on input line 212.
LaTeX Font Info:    ... okay on input line 212.
LaTeX Font Info:    Checking defaults for U/cmr/m/n on input line 212.
LaTeX Font Info:    ... okay on input line 212.
(/usr/share/texmf/tex/latex/preview/preview.sty
Package: preview 2010/02/14 11.88 (AUCTeX/preview-latex)

(/usr/share/texmf/tex/latex/preview/prtightpage.def
\PreviewBorder=\dimen119
)
(/usr/share/texmf/tex/latex/preview/prauctex.def
No auxiliary output files.


\hbadness=\count138
\hfuzz=\dimen120
(/usr/share/texmf/tex/latex/preview/prauctex.cfg))
(/usr/share/texmf/tex/latex/preview/prfootnotes.def)
\pr@snippet=\count139
\pr@box=\box28
\pr@output=\toks30

Preview: Fontsize 12pt
Preview: PDFoutput 1
)
LaTeX Info: Redefining \degres on input line 212.
LaTeX Info: Redefining \dots on input line 212.
LaTeX Info: Redefining \up on input line 212.
 (/usr/share/texlive/texmf-dist/tex/latex/ucs/ucsencs.def
File: ucsencs.def 2011/01/21 Fixes to fontencodings LGR, T3
)
Package lastpage Info: Please have a look at the pageslts package at
(lastpage)             https://www.ctan.org/pkg/pageslts
(lastpage)             ! on input line 212.

 !name(Feuille02.tex) !offset(-3) 
(/usr/share/texlive/texmf-dist/tex/latex/ucs/data/uni-0.def
File: uni-0.def 2013/05/13 UCS: Unicode data U+0000..U+00FF
)
! Preview: Snippet 1 started.
<-><->
      
l.234   Soit $
              (E,\|.\|)$ un espace vectoriel norm√© (e.v.n) d√©fini sur $\RR...

Not a real error.

Preview: Tightpage -32891 -32891 32891 32891
! Preview: Snippet 1 ended.(589824+196608x2560348).
<-><->
      
l.234   Soit $(E,\|.\|)$
                         un espace vectoriel norm√© (e.v.n) d√©fini sur $\RR...

Not a real error.

[1{/var/lib/texmf/fonts/map/pdftex/updmap/pdftex.map}]
! Preview: Snippet 2 started.
<-><->
      
l.234 ...ce vectoriel norm√© (e.v.n) d√©fini sur $
                                                  \RR$ ou
Not a real error.

! Preview: Snippet 2 ended.(541764+0x567980).
<-><->
      
l.234 ...ectoriel norm√© (e.v.n) d√©fini sur $\RR$
                                                   ou
Not a real error.

[2]
! Preview: Snippet 3 started.
<-><->
      
l.235   $
         \CC$. $E$ est un espace m√©trique pour la distance associ√©e √† la ...

Not a real error.

! Preview: Snippet 3 ended.(541764+0x567980).
<-><->
      
l.235   $\CC$
             . $E$ est un espace m√©trique pour la distance associ√©e √† la ...

Not a real error.

[3]
! Preview: Snippet 4 started.
<-><->
      
l.235   $\CC$. $
                E$ est un espace m√©trique pour la distance associ√©e √† la ...

Not a real error.

! Preview: Snippet 4 ended.(537395+0x616124).
<-><->
      
l.235   $\CC$. $E$
                   est un espace m√©trique pour la distance associ√©e √† la ...

Not a real error.

[4]
! Preview: Snippet 5 started.
<-><->
      
l.237   \item Montrer que l'application qui √† $
                                                x \in E$ associe $\|x\|$ est...

Not a real error.

! Preview: Snippet 5 ended.(537395+30747x2014899).
<-><->
      
l.237 ...ontrer que l'application qui √† $x \in E$
                                                   associe $\|x\|$ est continue

Not a real error.

[5]
! Preview: Snippet 6 started.
<-><->
      
l.237 ... l'application qui √† $x \in E$ associe $
                                                  \|x\|$ est continue
Not a real error.

! Preview: Snippet 6 ended.(589824+196608x1224020).
<-><->
      
l.237 ...lication qui √† $x \in E$ associe $\|x\|$
                                                   est continue
Not a real error.

[6]
! Preview: Snippet 7 started.
<-><->
      
l.238     sur $
               E$.
Not a real error.

! Preview: Snippet 7 ended.(537395+0x616124).
<-><->
      
l.238     sur $E$
                 .
Not a real error.

[7]
! Preview: Snippet 8 started.
<-><->
      
l.239   \item Soit $
                     A \subset \RR^n$ ferm√© et non born√©. Montrer que si
Not a real error.

! Preview: Snippet 8 ended.(541764+30747x2564576).
<-><->
      
l.239   \item Soit $ A \subset \RR^n$
                                      ferm√© et non born√©. Montrer que si
Not a real error.

[8]
! Preview: Snippet 9 started.
<-><->
      
l.240     $
           f : A \to \RR$ est continue et coercive i.e.
Not a real error.

! Preview: Snippet 9 ended.(546132+152916x3482898).
<-><->
      
l.240     $f : A \to \RR$
                          est continue et coercive i.e.
Not a real error.

[9]
! Preview: Snippet 10 started.
<-><->
      
l.241     $
           \lim_{\|x\|\to + \infty} f(x) = + \infty$ alors $f$ est minor√©e ...

Not a real error.

! Preview: Snippet 10 ended.(589824+253407x7572584).
<-><->
      
l.241 ...\lim_{\|x\|\to + \infty} f(x) = + \infty$
                                                   alors $f$ est minor√©e et...

Not a real error.

[10]
! Preview: Snippet 11 started.
<-><->
      
l.241 ...x\|\to + \infty} f(x) = + \infty$ alors $
                                                  f$ est minor√©e et atteint
Not a real error.

! Preview: Snippet 11 ended.(546132+152916x463527).
<-><->
      
l.241 ...|\to + \infty} f(x) = + \infty$ alors $f$
                                                   est minor√©e et atteint
Not a real error.

[11]
! Preview: Snippet 12 started.
<-><->
      
l.242     sa borne inf√©rieure sur $
                                    A$.
Not a real error.

! Preview: Snippet 12 ended.(537395+0x577257).
<-><->
      
l.242     sa borne inf√©rieure sur $A$
                                      .
Not a real error.

[12]
! Preview: Snippet 13 started.
<-><->
      
l.243   \item Montrer que si $
                              E$ est de dimension finie alors sa boule unit√...

Not a real error.

! Preview: Snippet 13 ended.(537395+0x616124).
<-><->
      
l.243   \item Montrer que si $E$
                                 est de dimension finie alors sa boule unit√...

Not a real error.

[13]
! Preview: Snippet 14 started.
<-><->
      
l.246   \item Soit $
                    F$ un sous-espace vectoriel ferm√© strictement inclus dans
Not a real error.

! Preview: Snippet 14 ended.(537395+0x605430).
<-><->
      
l.246   \item Soit $F$
                       un sous-espace vectoriel ferm√© strictement inclus dans
Not a real error.

[14]
! Preview: Snippet 15 started.
<-><->
      
l.247     $
           E$. Soit $1>r>0$. Montrer qu'il existe $u \in E$, tel que $\| u \...

Not a real error.

! Preview: Snippet 15 ended.(537395+0x616124).
<-><->
      
l.247     $E$
             . Soit $1>r>0$. Montrer qu'il existe $u \in E$, tel que $\| u \...

Not a real error.

[15]
! Preview: Snippet 16 started.
<-><->
      
l.247     $E$. Soit $
                     1>r>0$. Montrer qu'il existe $u \in E$, tel que $\| u \...

Not a real error.

! Preview: Snippet 16 ended.(506811+20972x3210089).
<-><->
      
l.247     $E$. Soit $1>r>0$
                           . Montrer qu'il existe $u \in E$, tel que $\| u \...

Not a real error.

[16]
! Preview: Snippet 17 started.
<-><->
      
l.247 ...$E$. Soit $1>r>0$. Montrer qu'il existe $
                                                  u \in E$, tel que $\| u \|...

Not a real error.

! Preview: Snippet 17 ended.(537395+30747x2015580).
<-><->
      
l.247 ...t $1>r>0$. Montrer qu'il existe $u \in E$
                                                  , tel que $\| u \| = 1$ et
Not a real error.

[17]
! Preview: Snippet 18 started.
<-><->
      
l.247 ...Montrer qu'il existe $u \in E$, tel que $
                                                  \| u \| = 1$ et
Not a real error.

! Preview: Snippet 18 ended.(589824+196608x2645541).
<-><->
      
l.247 ...l existe $u \in E$, tel que $\| u \| = 1$
                                                   et
Not a real error.

[18]
! Preview: Snippet 19 started.
<-><->
      
l.248     $
           d(u,F) > r$ (lemme de Riesz).
Not a real error.

! Preview: Snippet 19 ended.(589824+196608x3791946).
<-><->
      
l.248     $d(u,F) > r$
                       (lemme de Riesz).
Not a real error.

[19]
! Preview: Snippet 20 started.
<-><->
      
l.249   \item Montrer que $
                           E$ est de dimension finie $ssi$ sa boule unit√© e...

Not a real error.

! Preview: Snippet 20 ended.(537395+0x616124).
<-><->
      
l.249   \item Montrer que $E$
                              est de dimension finie $ssi$ sa boule unit√© e...

Not a real error.

[20]
! Preview: Snippet 21 started.
<-><->
      
l.249 ... Montrer que $E$ est de dimension finie $
                                                  ssi$ sa boule unit√© est c...

Not a real error.

! Preview: Snippet 21 ended.(515577+0x988137).
<-><->
      
l.249 ...trer que $E$ est de dimension finie $ssi$
                                                   sa boule unit√© est compacte

Not a real error.

[21]
! Preview: Snippet 22 started.
<-><->
      
l.266   \item Soit $
                    (a_n)_n$ une suite de $E$ espace de Banach, dont la s√©r...

Not a real error.

! Preview: Snippet 22 ended.(589824+196608x1744681).
<-><->
      
l.266   \item Soit $(a_n)_n$
                             une suite de $E$ espace de Banach, dont la s√©r...

Not a real error.

[22]
! Preview: Snippet 23 started.
<-><->
      
l.266   \item Soit $(a_n)_n$ une suite de $
                                           E$ espace de Banach, dont la s√©r...

Not a real error.

! Preview: Snippet 23 ended.(537395+0x616124).
<-><->
      
l.266   \item Soit $(a_n)_n$ une suite de $E$
                                              espace de Banach, dont la s√©r...

Not a real error.

[23]
! Preview: Snippet 24 started.
<-><->
      
l.267 ... Montrer que cette s√©rie converge dans $
                                                  E$ et que
Not a real error.

! Preview: Snippet 24 ended.(537395+0x616124).
<-><->
      
l.267 ...ontrer que cette s√©rie converge dans $E$
                                                   et que
Not a real error.

[24]
! Preview: Snippet 25 started.
<-><->
      
l.268     l'on $
                \|\sum_{n=0}^{+ \infty} a_n \| \leq \sum_{n=0}^{+ \infty} \|...

Not a real error.

! Preview: Snippet 25 ended.(699058+229381x8390029).
<-><->
      
l.268 ..._n \| \leq \sum_{n=0}^{+ \infty} \|a_n\|$
                                                  .
Not a real error.

[25]
! Preview: Snippet 26 started.
<-><->
      
l.269   \item Soient $
                      E$ un espace de Banach et $A$ un ensemble quelconque. ...

Not a real error.

! Preview: Snippet 26 ended.(537395+0x616124).
<-><->
      
l.269   \item Soient $E$
                         un espace de Banach et $A$ un ensemble quelconque. ...

Not a real error.

[26]
! Preview: Snippet 27 started.
<-><->
      
l.269   \item Soient $E$ un espace de Banach et $
                                                 A$ un ensemble quelconque. ...

Not a real error.

! Preview: Snippet 27 ended.(537395+0x577257).
<-><->
      
l.269 ...tem Soient $E$ un espace de Banach et $A$
                                                   un ensemble quelconque. M...

Not a real error.

[27]
! Preview: Snippet 28 started.
<-><->
      
l.270     que $
               {\cal B}=\{ f : A \to E \, / \, f \, \mbox{born√©e} \}$ muni ...

Not a real error.

! Preview: Snippet 28 ended.(589824+196608x9380932).
<-><->
      
l.270 ...: A \to E \, / \, f \, \mbox{born√©e} \}$
                                                   muni de la norme
Not a real error.

[28]
! Preview: Snippet 29 started.
<-><->
      
l.272   \item Soient $
                      E$ un espace de Banach et $A$ un espace topologique qu...

Not a real error.

! Preview: Snippet 29 ended.(537395+0x616124).
<-><->
      
l.272   \item Soient $E$
                         un espace de Banach et $A$ un espace topologique qu...

Not a real error.

[29]
! Preview: Snippet 30 started.
<-><->
      
l.272   \item Soient $E$ un espace de Banach et $
                                                 A$ un espace topologique qu...

Not a real error.

! Preview: Snippet 30 ended.(537395+0x577257).
<-><->
      
l.272 ...tem Soient $E$ un espace de Banach et $A$
                                                   un espace topologique que...

Not a real error.

[30]
! Preview: Snippet 31 started.
<-><->
      
l.274     $
           {\cal C}_b=\{ f : A \to E \, / \, f \, \mbox{born√©e et continue}...

Not a real error.

! Preview: Snippet 31 ended.(589824+196608x13503236).
<-><->
      
l.274 ... / \, f \, \mbox{born√©e et continue} \}$
                                                   est un
Not a real error.

[31]
! Preview: Snippet 32 started.
<-><->
      
l.275     sous espace de Banach dans $
                                      {\cal B}$. On notera que si $A$ est co...

Not a real error.

! Preview: Snippet 32 ended.(537394+0x540453).
<-><->
      
l.275     sous espace de Banach dans ${\cal B}$
                                               . On notera que si $A$ est co...

Not a real error.

[32]
! Preview: Snippet 33 started.
<-><->
      
l.275 ...anach dans ${\cal B}$. On notera que si $
                                                  A$ est compact, il
Not a real error.

! Preview: Snippet 33 ended.(537395+0x577257).
<-><->
      
l.275 ...ach dans ${\cal B}$. On notera que si $A$
                                                   est compact, il
Not a real error.

[33]
! Preview: Snippet 34 started.
<-><->
      
l.277     $
           {\cal C}(A,E)= \{ f : A \to E \, / \, f \, \mbox{continue} \}$.
Not a real error.

! Preview: Snippet 34 ended.(589824+196608x12015099).
<-><->
      
l.277 ... A \to E \, / \, f \, \mbox{continue} \}$
                                                  .
Not a real error.

[34]
! Preview: Snippet 35 started.
<-><->
      
l.278   \item Montrer que $
                           {\cal C}([0,1],\RR)$ ensemble des fonctions conti...

Not a real error.

! Preview: Snippet 35 ended.(589824+196608x3514636).
<-><->
      
l.278   \item Montrer que ${\cal C}([0,1],\RR)$
                                                ensemble des fonctions conti...

Not a real error.

[35]
! Preview: Snippet 36 started.
<-><->
      
l.279     $
           [0,1]$ vers $\RR$, muni de la norme $\int_0^1 [f(t)|dt$ n'est pas...

Not a real error.

! Preview: Snippet 36 ended.(589824+196608x1542810).
<-><->
      
l.279     $[0,1]$
                  vers $\RR$, muni de la norme $\int_0^1 [f(t)|dt$ n'est pas...

Not a real error.

[36]
! Preview: Snippet 37 started.
<-><->
      
l.279     $[0,1]$ vers $
                        \RR$, muni de la norme $\int_0^1 [f(t)|dt$ n'est pas...

Not a real error.

! Preview: Snippet 37 ended.(541764+0x567980).
<-><->
      
l.279     $[0,1]$ vers $\RR$
                            , muni de la norme $\int_0^1 [f(t)|dt$ n'est pas...

Not a real error.

[37]
! Preview: Snippet 38 started.
<-><->
      
l.279     $[0,1]$ vers $\RR$, muni de la norme $
                                                \int_0^1 [f(t)|dt$ n'est pas...

Not a real error.

! Preview: Snippet 38 ended.(763863+273071x3286660).
<-><->
      
l.279 ...RR$, muni de la norme $\int_0^1 [f(t)|dt$
                                                   n'est pas un espace
Not a real error.

[38]
! Preview: Snippet 39 started.
<-><->
      
l.280     de Banach en prenant par exemple $
                                            f_n(x)= 0$ sur $[0,\frac{1}{2}]$,
Not a real error.

! Preview: Snippet 39 ended.(589824+196608x3207674).
<-><->
      
l.280 ...Banach en prenant par exemple $f_n(x)= 0$
                                                   sur $[0,\frac{1}{2}]$,
Not a real error.

[39]
! Preview: Snippet 40 started.
<-><->
      
l.280 ... en prenant par exemple $f_n(x)= 0$ sur $
                                                  [0,\frac{1}{2}]$,
Not a real error.

! Preview: Snippet 40 ended.(647518+271194x1593608).
<-><->
      
l.280 ...exemple $f_n(x)= 0$ sur $[0,\frac{1}{2}]$
                                                  ,
Not a real error.

[40]
! Preview: Snippet 41 started.
<-><->
      
l.281     $
           f_n(x)=1$ sur $[\frac{1}{2}+\frac{1}{n},1]$ et lin√©aire sur
Not a real error.

! Preview: Snippet 41 ended.(589824+196608x3207674).
<-><->
      
l.281     $f_n(x)=1$
                     sur $[\frac{1}{2}+\frac{1}{n},1]$ et lin√©aire sur
Not a real error.

[41]
! Preview: Snippet 42 started.
<-><->
      
l.281     $f_n(x)=1$ sur $
                          [\frac{1}{2}+\frac{1}{n},1]$ et lin√©aire sur
Not a real error.

! Preview: Snippet 42 ended.(647518+271194x3037334).
<-><->
      
l.281 ...n(x)=1$ sur $[\frac{1}{2}+\frac{1}{n},1]$
                                                   et lin√©aire sur
Not a real error.

[42]
! Preview: Snippet 43 started.
<-><->
      
l.282     $
           [\frac{1}{2}, \frac{1}{2}+\frac{1}{n}]$.
Not a real error.

! Preview: Snippet 43 ended.(647518+271194x3088132).
<-><->
      
l.282     $[\frac{1}{2}, \frac{1}{2}+\frac{1}{n}]$
                                                  .
Not a real error.

[43]
! Preview: Snippet 44 started.
<-><->
      
l.311   Soient $
                (E,\|.\|_E)$ et $(F,\|.\|_F)$ deux e.v.n.
Not a real error.

! Preview: Snippet 44 ended.(589824+196608x3030756).
<-><->
      
l.311   Soient $(E,\|.\|_E)$
                             et $(F,\|.\|_F)$ deux e.v.n.
Not a real error.

[44]
! Preview: Snippet 45 started.
<-><->
      
l.311   Soient $(E,\|.\|_E)$ et $
                                 (F,\|.\|_F)$ deux e.v.n.
Not a real error.

! Preview: Snippet 45 ended.(589824+196608x2926765).
<-><->
      
l.311   Soient $(E,\|.\|_E)$ et $(F,\|.\|_F)$
                                              deux e.v.n.
Not a real error.

[45]
! Preview: Snippet 46 started.
<-><->
      
l.313   \item Soit $
                    f : E \to F$ lin√©aire. Montrer les assertions suivantes...

Not a real error.

! Preview: Snippet 46 ended.(546132+152916x3559215).
<-><->
      
l.313   \item Soit $f : E \to F$
                                 lin√©aire. Montrer les assertions suivantes...

Not a real error.

[46]
! Preview: Snippet 47 started.
<-><->
      
l.314     √©quivalentes : i) $
                              f$ est continue en un point de $E$, ii) $f$ es...

Not a real error.

! Preview: Snippet 47 ended.(546132+152916x463527).
<-><->
      
l.314     √©quivalentes : i) $f$
                                 est continue en un point de $E$, ii) $f$ es...

Not a real error.

[47]
! Preview: Snippet 48 started.
<-><->
      
l.314 ...es : i) $f$ est continue en un point de $
                                                  E$, ii) $f$ est continue
Not a real error.

! Preview: Snippet 48 ended.(537395+0x616124).
<-><->
      
l.314 ... : i) $f$ est continue en un point de $E$
                                                  , ii) $f$ est continue
Not a real error.

[48]
! Preview: Snippet 49 started.
<-><->
      
l.314 ...f$ est continue en un point de $E$, ii) $
                                                  f$ est continue
Not a real error.

! Preview: Snippet 49 ended.(546132+152916x463527).
<-><->
      
l.314 ... est continue en un point de $E$, ii) $f$
                                                   est continue
Not a real error.

[49]
! Preview: Snippet 50 started.
<-><->
      
l.315     sur $
               E$, iii) $f$ est born√©e sur toute partie born√©e de $E$, iv)...

Not a real error.

! Preview: Snippet 50 ended.(537395+0x616124).
<-><->
      
l.315     sur $E$
                 , iii) $f$ est born√©e sur toute partie born√©e de $E$, iv)...

Not a real error.

[50]
! Preview: Snippet 51 started.
<-><->
      
l.315     sur $E$, iii) $
                         f$ est born√©e sur toute partie born√©e de $E$, iv)...

Not a real error.

! Preview: Snippet 51 ended.(546132+152916x463527).
<-><->
      
l.315     sur $E$, iii) $f$
                            est born√©e sur toute partie born√©e de $E$, iv)...

Not a real error.

[51]
! Preview: Snippet 52 started.
<-><->
      
l.315 ...est born√©e sur toute partie born√©e de $
                                                  E$, iv) il existe
Not a real error.

! Preview: Snippet 52 ended.(537395+0x616124).
<-><->
      
l.315 ...t born√©e sur toute partie born√©e de $E$
                                                  , iv) il existe
Not a real error.

[52]
! Preview: Snippet 53 started.
<-><->
      
l.316     une constante $
                         M>0$ telle que $\|f(x)\|_F \leq M \|x\|_E$ pour tou...

Not a real error.

! Preview: Snippet 53 ended.(537395+20972x2247954).
<-><->
      
l.316     une constante $M>0$
                              telle que $\|f(x)\|_F \leq M \|x\|_E$ pour tou...

Not a real error.

[53]
! Preview: Snippet 54 started.
<-><->
      
l.316     une constante $M>0$ telle que $
                                         \|f(x)\|_F \leq M \|x\|_E$ pour tou...

Not a real error.

! Preview: Snippet 54 ended.(589824+196608x6319251).
<-><->
      
l.316 ...>0$ telle que $\|f(x)\|_F \leq M \|x\|_E$
                                                   pour tout $x$ dans
Not a real error.

[54]
! Preview: Snippet 55 started.
<-><->
      
l.316 ...e $\|f(x)\|_F \leq M \|x\|_E$ pour tout $
                                                  x$ dans
Not a real error.

! Preview: Snippet 55 ended.(338603+0x437586).
<-><->
      
l.316 ...$\|f(x)\|_F \leq M \|x\|_E$ pour tout $x$
                                                   dans
Not a real error.

[55]
! Preview: Snippet 56 started.
<-><->
      
l.317     $
           E$.
Not a real error.

! Preview: Snippet 56 ended.(537395+0x616124).
<-><->
      
l.317     $E$
             .
Not a real error.

[56]
! Preview: Snippet 57 started.
<-><->
      
l.318   \item Montrer que si $
                              f$ est une forme lin√©aire non nulle alors $f$...

Not a real error.

! Preview: Snippet 57 ended.(546132+152916x463527).
<-><->
      
l.318   \item Montrer que si $f$
                                 est une forme lin√©aire non nulle alors $f$...

Not a real error.

[57]
! Preview: Snippet 58 started.
<-><->
      
l.318 ...est une forme lin√©aire non nulle alors $
                                                  f$ est
Not a real error.

! Preview: Snippet 58 ended.(546132+152916x463527).
<-><->
      
l.318 ...t une forme lin√©aire non nulle alors $f$
                                                   est
Not a real error.

[58]
! Preview: Snippet 59 started.
<-><->
      
l.319     continue si et seulement si $
                                       f^{-1}(0)$ est ferm√©.
Not a real error.

! Preview: Snippet 59 ended.(623265+196608x2192039).
<-><->
      
l.319     continue si et seulement si $f^{-1}(0)$
                                                  est ferm√©.
Not a real error.

[59]
! Preview: Snippet 60 started.
<-><->
      
l.320   \item Montrer que si $
                              F$ est un espace de Banach, l'ensemble ${\cal ...

Not a real error.

! Preview: Snippet 60 ended.(537395+0x605430).
<-><->
      
l.320   \item Montrer que si $F$
                                 est un espace de Banach, l'ensemble ${\cal ...

Not a real error.

[60]
! Preview: Snippet 61 started.
<-><->
      
l.320 ...$F$ est un espace de Banach, l'ensemble $
                                                  {\cal L}(E,F)$
Not a real error.

! Preview: Snippet 61 ended.(589824+196608x2707865).
<-><->
      
l.320 ...ace de Banach, l'ensemble ${\cal L}(E,F)$
                                                  
Not a real error.

[61]
! Preview: Snippet 62 started.
<-><->
      
l.321 ...es applications lin√©aires continues de $
                                                  E$ dans $F$ est
Not a real error.

! Preview: Snippet 62 ended.(537395+0x616124).
<-><->
      
l.321 ... applications lin√©aires continues de $E$
                                                   dans $F$ est
Not a real error.

[62]
! Preview: Snippet 63 started.
<-><->
      
l.321 ...ations lin√©aires continues de $E$ dans $
                                                  F$ est
Not a real error.

! Preview: Snippet 63 ended.(537395+0x605430).
<-><->
      
l.321 ...ions lin√©aires continues de $E$ dans $F$
                                                   est
Not a real error.

[63]
! Preview: Snippet 64 started.
<-><->
      
l.323     \textit{Rappel} : Si $
                                f \in {\cal L}(E,F)$, sa norme subordonn√©e est

Not a real error.

! Preview: Snippet 64 ended.(589824+196608x4132581).
<-><->
      
l.323 ...textit{Rappel} : Si $f \in {\cal L}(E,F)$
                                                  , sa norme subordonn√©e est
Not a real error.

[64]
! Preview: Snippet 65 started.
<-><->
      
l.324     $
           $|f| = \sup \{ |f(x)|_F \quad | \quad x\in S_E (0,1) \} = \sup \{
Not a real error.

! Preview: Snippet 65 ended.(1923449+0x32860321).
<-><->
      
l.325 ...F}{|x|_E} \quad | \quad x\in E-\{0\} \}$$
                                                  
Not a real error.

[65]
! Preview: Snippet 66 started.
<-><->
      
l.326   \item Soit $
                    p: E \to \RR^+$ une semi-norme. Montrer que $p$ est cont...

Not a real error.

! Preview: Snippet 66 ended.(602150+152916x3910755).
<-><->
      
l.326   \item Soit $p: E \to \RR^+$
                                    une semi-norme. Montrer que $p$ est cont...

Not a real error.

[66]
! Preview: Snippet 67 started.
<-><->
      
l.326 ... \to \RR^+$ une semi-norme. Montrer que $
                                                  p$ est continue sur
Not a real error.

! Preview: Snippet 67 ended.(338603+152916x386477).
<-><->
      
l.326 ...to \RR^+$ une semi-norme. Montrer que $p$
                                                   est continue sur
Not a real error.

[67]
! Preview: Snippet 68 started.
<-><->
      
l.327     $
           (E,\|.\|)$ si et seulement si il existe $M>0$ telle que pour tout...

Not a real error.

! Preview: Snippet 68 ended.(589824+196608x2560348).
<-><->
      
l.327     $(E,\|.\|)$
                      si et seulement si il existe $M>0$ telle que pour tout...

Not a real error.

[68]
! Preview: Snippet 69 started.
<-><->
      
l.327 ...(E,\|.\|)$ si et seulement si il existe $
                                                  M>0$ telle que pour tout $...

Not a real error.

! Preview: Snippet 69 ended.(537395+20972x2247954).
<-><->
      
l.327 ...|.\|)$ si et seulement si il existe $M>0$
                                                   telle que pour tout $x$ de
Not a real error.

[69]
! Preview: Snippet 70 started.
<-><->
      
l.327 ... si il existe $M>0$ telle que pour tout $
                                                  x$ de
Not a real error.

! Preview: Snippet 70 ended.(338603+0x437586).
<-><->
      
l.327 ...i il existe $M>0$ telle que pour tout $x$
                                                   de
Not a real error.

[70]
! Preview: Snippet 71 started.
<-><->
      
l.328     $
           E$, $$p(x) \leq M \|x\|.$$ En d√©duire que toute semi-norme $p$ s...

Not a real error.

! Preview: Snippet 71 ended.(537395+0x616124).
<-><->
      
l.328     $E$
             , $$p(x) \leq M \|x\|.$$ En d√©duire que toute semi-norme $p$ s...

Not a real error.

[71]
! Preview: Snippet 72 started.
<-><->
      
l.328     $E$, $
                $p(x) \leq M \|x\|.$$ En d√©duire que toute semi-norme $p$ s...

Not a real error.

! Preview: Snippet 72 ended.(1146880+0x32860321).
<-><->
      
l.328     $E$, $$p(x) \leq M \|x\|.$$
                                      En d√©duire que toute semi-norme $p$ s...

Not a real error.

[72]
! Preview: Snippet 73 started.
<-><->
      
l.328 ...x\|.$$ En d√©duire que toute semi-norme $
                                                  p$ sur $\RR^n$
Not a real error.

! Preview: Snippet 73 ended.(338603+152916x386477).
<-><->
      
l.328 ...|.$$ En d√©duire que toute semi-norme $p$
                                                   sur $\RR^n$
Not a real error.

[73]
! Preview: Snippet 74 started.
<-><->
      
l.328 ...n d√©duire que toute semi-norme $p$ sur $
                                                  \RR^n$
Not a real error.

! Preview: Snippet 74 ended.(541764+0x938748).
<-><->
      
l.328 ...uire que toute semi-norme $p$ sur $\RR^n$
                                                  
Not a real error.

[74]
! Preview: Snippet 75 started.
<-><->
      
l.330     sur $
               \RR^n$ sont √©quivalentes et que toutes les applications lin√...

Not a real error.

! Preview: Snippet 75 ended.(541764+0x938748).
<-><->
      
l.330     sur $\RR^n$
                      sont √©quivalentes et que toutes les applications lin√...

Not a real error.

[75]
! Preview: Snippet 76 started.
<-><->
      
l.331     d√©finies sur $
                         \RR^n$ et √† valeur dans $F$ sont continues.
Not a real error.

! Preview: Snippet 76 ended.(541764+0x938748).
<-><->
      
l.331     d√©finies sur $\RR^n$
                                et √† valeur dans $F$ sont continues.
Not a real error.

[76]
! Preview: Snippet 77 started.
<-><->
      
l.331 ...d√©finies sur $\RR^n$ et √† valeur dans $
                                                  F$ sont continues.
Not a real error.

! Preview: Snippet 77 ended.(537395+0x605430).
<-><->
      
l.331 ...©finies sur $\RR^n$ et √† valeur dans $F$
                                                   sont continues.
Not a real error.

[77]
! Preview: Snippet 78 started.
<-><->
      
l.332   \item Soit $
                    E$ un espace vectoriel de dimension finie muni de 2 normes
Not a real error.

! Preview: Snippet 78 ended.(537395+0x616124).
<-><->
      
l.332   \item Soit $E$
                       un espace vectoriel de dimension finie muni de 2 normes
Not a real error.

[78]
! Preview: Snippet 79 started.
<-><->
      
l.333     $
           \|.\|_1$ et $\|.\|_2$. Montrer que les boules unit√©s pour ces 2 ...

Not a real error.

! Preview: Snippet 79 ended.(589824+196608x1311634).
<-><->
      
l.333     $\|.\|_1$
                    et $\|.\|_2$. Montrer que les boules unit√©s pour ces 2 ...

Not a real error.

[79]
! Preview: Snippet 80 started.
<-><->
      
l.333     $\|.\|_1$ et $
                        \|.\|_2$. Montrer que les boules unit√©s pour ces 2 ...

Not a real error.

! Preview: Snippet 80 ended.(589824+196608x1311634).
<-><->
      
l.333     $\|.\|_1$ et $\|.\|_2$
                                . Montrer que les boules unit√©s pour ces 2 ...

Not a real error.

[80]
! Preview: Snippet 81 started.
<-><->
      
l.334 ...(on pourra utiliser une fonction qui √† $
                                                  x$ associe
Not a real error.

! Preview: Snippet 81 ended.(338603+0x437586).
<-><->
      
l.334 ...n pourra utiliser une fonction qui √† $x$
                                                   associe
Not a real error.

[81]
! Preview: Snippet 82 started.
<-><->
      
l.335     $
           \lambda(x) x$ avec $ \lambda(x) \geq 0$).
Not a real error.

! Preview: Snippet 82 ended.(589824+196608x1923282).
<-><->
      
l.335     $\lambda(x) x$
                         avec $ \lambda(x) \geq 0$).
Not a real error.

[82]
! Preview: Snippet 83 started.
<-><->
      
l.335     $\lambda(x) x$ avec $
                                \lambda(x) \geq 0$).
Not a real error.

! Preview: Snippet 83 ended.(589824+196608x2919287).
<-><->
      
l.335     $\lambda(x) x$ avec $ \lambda(x) \geq 0$
                                                  ).
Not a real error.

[83]
! Preview: Snippet 84 started.
<-><->
      
l.336 ...tem En d√©duire en particulier que dans $
                                                  \RR^2$ le disque unit√© es...

Not a real error.

! Preview: Snippet 84 ended.(623265+0x879280).
<-><->
      
l.336 ... d√©duire en particulier que dans $\RR^2$
                                                   le disque unit√© est le c...

Not a real error.

[84]
! Preview: Snippet 85 started.
<-><->
      
l.346   Soient $
                (E,\|.\|)$ un espace de Banach et $0 < k < 1$
Not a real error.

! Preview: Snippet 85 ended.(589824+196608x2560348).
<-><->
      
l.346   Soient $(E,\|.\|)$
                           un espace de Banach et $0 < k < 1$
Not a real error.

[85]
! Preview: Snippet 86 started.
<-><->
      
l.346 ...ient $(E,\|.\|)$ un espace de Banach et $
                                                  0 < k < 1$
Not a real error.

! Preview: Snippet 86 ended.(546132+20972x3268571).
<-><->
      
l.346 ...|.\|)$ un espace de Banach et $0 < k < 1$
                                                  
Not a real error.

[86]
! Preview: Snippet 87 started.
<-><->
      
l.348 ...©t√©s suivantes sont √©quivalentes : i) $
                                                  E$ est un
Not a real error.

! Preview: Snippet 87 ended.(537395+0x616124).
<-><->
      
l.348 ...√©s suivantes sont √©quivalentes : i) $E$
                                                   est un
Not a real error.

[87]
! Preview: Snippet 88 started.
<-><->
      
l.350     iii) pour toute suite $
                                 (a_n)_n$ de $E$ v√©rifiant $\|a_n\| \leq k^...

Not a real error.

! Preview: Snippet 88 ended.(589824+196608x1744681).
<-><->
      
l.350     iii) pour toute suite $(a_n)_n$
                                          de $E$ v√©rifiant $\|a_n\| \leq k^...

Not a real error.

[88]
! Preview: Snippet 89 started.
<-><->
      
l.350     iii) pour toute suite $(a_n)_n$ de $
                                              E$ v√©rifiant $\|a_n\| \leq k^...

Not a real error.

! Preview: Snippet 89 ended.(537395+0x616124).
<-><->
      
l.350     iii) pour toute suite $(a_n)_n$ de $E$
                                                 v√©rifiant $\|a_n\| \leq k^...

Not a real error.

[89]
! Preview: Snippet 90 started.
<-><->
      
l.350 ...toute suite $(a_n)_n$ de $E$ v√©rifiant $
                                                  \|a_n\| \leq k^n$, la
Not a real error.

! Preview: Snippet 90 ended.(589824+196608x3407657).
<-><->
      
l.350 ...)_n$ de $E$ v√©rifiant $\|a_n\| \leq k^n$
                                                  , la
Not a real error.

[90]
! Preview: Snippet 91 started.
<-><->
      
l.351     s√©rie $
                  a_n$ converge.
Not a real error.

! Preview: Snippet 91 ended.(338603+117964x774993).
<-><->
      
l.351     s√©rie $a_n$
                       converge.
Not a real error.

[91]

LaTeX Warning: Reference `LastPage' on page 1 undefined on input line 352.

! Preview: Snippet 92 started.
<-><->
      
l.359   Soient $
                (E,\|.\|)$ et $(F,\|.\|)$ deux espaces de Banach.
Not a real error.

! Preview: Snippet 92 ended.(589824+196608x2560348).
<-><->
      
l.359   Soient $(E,\|.\|)$
                           et $(F,\|.\|)$ deux espaces de Banach.
Not a real error.

[92]
! Preview: Snippet 93 started.
<-><->
      
l.359   Soient $(E,\|.\|)$ et $
                               (F,\|.\|)$ deux espaces de Banach.
Not a real error.

! Preview: Snippet 93 ended.(589824+196608x2464094).
<-><->
      
l.359   Soient $(E,\|.\|)$ et $(F,\|.\|)$
                                          deux espaces de Banach.
Not a real error.

[93]
! Preview: Snippet 94 started.
<-><->
      
l.361   \item Soit $
                    u \in {\cal L}(E,E)$ telle que $\|u\|< 1$. Montrer que $...

Not a real error.

! Preview: Snippet 94 ended.(589824+196608x4118015).
<-><->
      
l.361   \item Soit $u \in {\cal L}(E,E)$
                                         telle que $\|u\|< 1$. Montrer que $...

Not a real error.

[94]
! Preview: Snippet 95 started.
<-><->
      
l.361 ...em Soit $u \in {\cal L}(E,E)$ telle que $
                                                  \|u\|< 1$. Montrer que $Id...

Not a real error.

! Preview: Snippet 95 ended.(589824+196608x2645541).
<-><->
      
l.361 ...u \in {\cal L}(E,E)$ telle que $\|u\|< 1$
                                                  . Montrer que $Id-u$ est
Not a real error.

[95]
! Preview: Snippet 96 started.
<-><->
      
l.361 ...E,E)$ telle que $\|u\|< 1$. Montrer que $
                                                  Id-u$ est
Not a real error.

! Preview: Snippet 96 ended.(546132+65536x2201039).
<-><->
      
l.361 ... telle que $\|u\|< 1$. Montrer que $Id-u$
                                                   est
Not a real error.

[96]
! Preview: Snippet 97 started.
<-><->
      
l.363   \item On dit que $
                          f$ est un isomorphisme, si $f$ est lin√©aire, cont...

Not a real error.

! Preview: Snippet 97 ended.(546132+152916x463527).
<-><->
      
l.363   \item On dit que $f$
                             est un isomorphisme, si $f$ est lin√©aire, cont...

Not a real error.

[97]
! Preview: Snippet 98 started.
<-><->
      
l.363 ... On dit que $f$ est un isomorphisme, si $
                                                  f$ est lin√©aire, continue,
Not a real error.

! Preview: Snippet 98 ended.(546132+152916x463527).
<-><->
      
l.363 ...n dit que $f$ est un isomorphisme, si $f$
                                                   est lin√©aire, continue,
Not a real error.

[98]
! Preview: Snippet 99 started.
<-><->
      
l.365     l'ensemble $
                       Isom(E,F)$ form√© des isomorphisme de $E$ sur $F$ est...

Not a real error.

! Preview: Snippet 99 ended.(589824+196608x3973355).
<-><->
      
l.365     l'ensemble $ Isom(E,F)$
                                  form√© des isomorphisme de $E$ sur $F$ est...

Not a real error.

[99]
! Preview: Snippet 100 started.
<-><->
      
l.365 ...$ Isom(E,F)$ form√© des isomorphisme de $
                                                  E$ sur $F$ est un ouvert
Not a real error.

! Preview: Snippet 100 ended.(537395+0x616124).
<-><->
      
l.365 ...Isom(E,F)$ form√© des isomorphisme de $E$
                                                   sur $F$ est un ouvert
Not a real error.

[100]
! Preview: Snippet 101 started.
<-><->
      
l.365 ...,F)$ form√© des isomorphisme de $E$ sur $
                                                  F$ est un ouvert
Not a real error.

! Preview: Snippet 101 ended.(537395+0x605430).
<-><->
      
l.365 ...)$ form√© des isomorphisme de $E$ sur $F$
                                                   est un ouvert
Not a real error.

[101]
! Preview: Snippet 102 started.
<-><->
      
l.366     dans $
                {\cal L}(E,F)$.
Not a real error.

! Preview: Snippet 102 ended.(589824+196608x2707865).
<-><->
      
l.366     dans ${\cal L}(E,F)$
                              .
Not a real error.

[102]
! Preview: Snippet 103 started.
<-><->
      
l.367   \item Montrer que l'application $
                                         u \to u^{-1}$ de $ Isom(E,F)$ dans
Not a real error.

! Preview: Snippet 103 ended.(623265+0x2844440).
<-><->
      
l.367 ... Montrer que l'application $u \to u^{-1}$
                                                   de $ Isom(E,F)$ dans
Not a real error.

[103]
! Preview: Snippet 104 started.
<-><->
      
l.367 ...rer que l'application $u \to u^{-1}$ de $
                                                   Isom(E,F)$ dans
Not a real error.

! Preview: Snippet 104 ended.(589824+196608x3973355).
<-><->
      
l.367 ...pplication $u \to u^{-1}$ de $ Isom(E,F)$
                                                   dans
Not a real error.

[104]
! Preview: Snippet 105 started.
<-><->
      
l.368     $
            Isom(F,E)$ est continue.
Not a real error.

! Preview: Snippet 105 ended.(589824+196608x3887795).
<-><->
      
l.368     $ Isom(F,E)$
                       est continue.
Not a real error.

[105]  !name(Feuille02.tex) !offset(-5) 

Package lastpage Warning: Rerun to get the references right on input line 375.


! Package lastpage Error: No auxiliary file allowed.

See the lastpage package documentation for explanation.
Type  H <return>  for immediate help.
 ...                                              
                                                  
l.375 \end{document}
                    
The lastpage package was not allowed to write to an .aux file.
This package does not work without access to an .aux file.
Press Ctrl+Z to exit.



LaTeX Warning: Reference `LastPage' on page 2 undefined on input line 375.


LaTeX Warning: There were undefined references.

 ) 
Here is how much of TeX's memory you used:
 737 strings out of 488770
 8334 string characters out of 6077512
 154212 words of memory out of 5000000
 8426 multiletter control sequences out of 15000+600000
 16131 words of font info for 43 fonts, out of 8000000 for 9000
 1141 hyphenation exceptions out of 8191
 22i,5n,24p,217b,542s stack positions out of 5000i,500n,10000p,200000b,80000s
{/usr/share/texmf/fonts/enc/dvips/cm-super/cm-super-t1.enc}</usr/share/texliv
e/texmf-dist/fonts/type1/public/amsfonts/cm/cmex10.pfb></usr/share/texlive/texm
f-dist/fonts/type1/public/amsfonts/cm/cmmi12.pfb></usr/share/texlive/texmf-dist
/fonts/type1/public/amsfonts/cm/cmmi8.pfb></usr/share/texlive/texmf-dist/fonts/
type1/public/amsfonts/cm/cmr12.pfb></usr/share/texlive/texmf-dist/fonts/type1/p
ublic/amsfonts/cm/cmr8.pfb></usr/share/texlive/texmf-dist/fonts/type1/public/am
sfonts/cm/cmsy10.pfb></usr/share/texlive/texmf-dist/fonts/type1/public/amsfonts
/cm/cmsy8.pfb></usr/share/texlive/texmf-dist/fonts/type1/public/amsfonts/symbol
s/msam10.pfb></usr/share/texlive/texmf-dist/fonts/type1/public/amsfonts/symbols
/msbm10.pfb></usr/share/texmf/fonts/type1/public/cm-super/sfrm1200.pfb>
Output written on _region_.pdf (105 pages, 107869 bytes).
PDF statistics:
 384 PDF objects out of 1000 (max. 8388607)
 264 compressed objects within 3 object streams
 0 named destinations out of 1000 (max. 500000)
 1 words of extra memory for PDF output out of 10000 (max. 10000000)

