This is pdfTeX, Version 3.14159265-2.6-1.40.16 (TeX Live 2015/Debian) (preloaded format=prv_seance_02 2017.10.8)  8 OCT 2017 17:58
entering extended mode
 restricted \write18 enabled.
 %&-line parsing enabled.
**&prv_seance_02 _region_.tex
(./_region_.tex
LaTeX2e <2016/02/01>
Babel <3.9q> and hyphenation patterns for 81 language(s) loaded.
CUSTOMISED FORMAT. Preloaded files:
        .
 article.cls    2014/09/29 v1.4h Standard LaTeX document class
  size10.clo    2014/09/29 v1.4h Standard LaTeX file (size option)
inputenc.sty    2015/03/17 v1.2c Input encoding file
    utf8.def    2015/12/03 v1.1r UTF-8 support for inputenc
   t1enc.dfu    2015/12/03 v1.1r UTF-8 support for inputenc
  ot1enc.dfu    2015/12/03 v1.1r UTF-8 support for inputenc
  omsenc.dfu    2015/12/03 v1.1r UTF-8 support for inputenc
 fontenc.sty
   t1enc.def    2005/09/27 v1.99g Standard LaTeX file
   babel.sty    2016/02/24 3.9q The Babel package
 english.ldf    2012/08/20 v3.3p English support from the babel system
geometry.sty    2010/09/12 v5.6 Page Geometry
  keyval.sty    2014/10/28 v1.15 key=value parser (DPC)
   ifpdf.sty    2011/01/30 v2.3 Provides the ifpdf switch (HO)
  ifvtex.sty    2010/03/01 v1.5 Detect VTeX and its facilities (HO)
 ifxetex.sty    2010/09/12 v0.6 Provides ifxetex conditional
 amsmath.sty    2016/03/03 v2.15a AMS math features
 amstext.sty    2000/06/29 v2.01 AMS text
  amsgen.sty    1999/11/30 v2.0 generic functions
  amsbsy.sty    1999/11/29 v1.2d Bold Symbols
  amsopn.sty    1999/12/14 v2.01 operator names
 amssymb.sty    2013/01/14 v3.01 AMS font symbols
amsfonts.sty    2013/01/14 v3.01 Basic AMSFonts support
    umsa.fd    2013/01/14 v3.01 AMS symbols A
    umsb.fd    2013/01/14 v3.01 AMS symbols B
  t1cmtt.fd    2014/09/29 v2.5h Standard LaTeX font definitions
  t1cmss.fd    2014/09/29 v2.5h Standard LaTeX font definitions
        .
No file _region_.aux.
LaTeX Font Info:    Checking defaults for OML/cmm/m/it on input line 38.
LaTeX Font Info:    ... okay on input line 38.
LaTeX Font Info:    Checking defaults for T1/cmr/m/n on input line 38.
LaTeX Font Info:    ... okay on input line 38.
LaTeX Font Info:    Checking defaults for OT1/cmr/m/n on input line 38.
LaTeX Font Info:    ... okay on input line 38.
LaTeX Font Info:    Checking defaults for OMS/cmsy/m/n on input line 38.
LaTeX Font Info:    ... okay on input line 38.
LaTeX Font Info:    Checking defaults for OMX/cmex/m/n on input line 38.
LaTeX Font Info:    ... okay on input line 38.
LaTeX Font Info:    Checking defaults for U/cmr/m/n on input line 38.
LaTeX Font Info:    ... okay on input line 38.
(/usr/share/texmf/tex/latex/preview/preview.sty
Package: preview 2010/02/14 11.88 (AUCTeX/preview-latex)

(/usr/share/texmf/tex/latex/preview/prtightpage.def
\PreviewBorder=\dimen121
)
(/usr/share/texmf/tex/latex/preview/prauctex.def
No auxiliary output files.


\hbadness=\count107
\hfuzz=\dimen122
(/usr/share/texmf/tex/latex/preview/prauctex.cfg))
(/usr/share/texmf/tex/latex/preview/prfootnotes.def)
\pr@snippet=\count108
\pr@box=\box28
\pr@output=\toks23

Preview: Fontsize 10pt
Preview: PDFoutput 1
)
*geometry* driver: auto-detecting
*geometry* detected driver: pdftex
*geometry* verbose mode - [ preamble ] result:
* driver: pdftex
* paper: a4paper
* layout: <same size as paper>
* layoutoffset:(h,v)=(0.0pt,0.0pt)
* modes: 
* h-part:(L,W,R)=(71.13188pt, 455.24411pt, 71.13188pt)
* v-part:(T,H,B)=(71.13188pt, 702.78308pt, 71.13188pt)
* \paperwidth=597.50787pt
* \paperheight=845.04684pt
* \textwidth=455.24411pt
* \textheight=702.78308pt
* \oddsidemargin=-1.1381pt
* \evensidemargin=-1.1381pt
* \topmargin=-38.1381pt
* \headheight=12.0pt
* \headsep=25.0pt
* \topskip=10.0pt
* \footskip=30.0pt
* \marginparwidth=57.0pt
* \marginparsep=11.0pt
* \columnsep=10.0pt
* \skip\footins=9.0pt plus 4.0pt minus 2.0pt
* \hoffset=0.0pt
* \voffset=0.0pt
* \mag=1000
* \@twocolumnfalse
* \@twosidefalse
* \@mparswitchfalse
* \@reversemarginfalse
* (1in=72.27pt=25.4mm, 1cm=28.453pt)

 !name(seance_02.tex) !offset(21) 
! Preview: Snippet 1 started.
<-><->
      
l.41 \section
             {Exercice 5}
Not a real error.

Preview: Tightpage -32891 -32891 32891 32891
! Preview: Snippet 1 ended.(651269+0x29834878).
<-><->
      
l.41 \section{Exercice 5}
                         
Not a real error.

[1{/var/lib/texmf/fonts/map/pdftex/updmap/pdftex.map}

]
LaTeX Font Info:    Try loading font information for OMS+cmr on input line 44.

(/usr/share/texlive/texmf-dist/tex/latex/base/omscmr.fd
File: omscmr.fd 2014/09/29 v2.5h Standard LaTeX font definitions
)
LaTeX Font Info:    Font shape `OMS/cmr/m/n' in size <10> not available
(Font)              Font shape `OMS/cmsy/m/n' tried instead on input line 44.

! Preview: Snippet 2 started.
<-><->
      
l.44 \item $
            A = (2x+1) ^2 - 4x^2 +4x -1$
Not a real error.

! Preview: Snippet 2 ended.(533465+163840x8429092).
<-><->
      
l.44 \item $A = (2x+1) ^2 - 4x^2 +4x -1$
                                        
Not a real error.

[2]
! Preview: Snippet 3 started.
<-><->
      
l.45 \item $
            B = 8xyz + 5zy^2 + 5 yz^2 + 3xy^2 + 3yx^2$
Not a real error.

! Preview: Snippet 3 ended.(533465+127431x11270742).
<-><->
      
l.45 ...B = 8xyz + 5zy^2 + 5 yz^2 + 3xy^2 + 3yx^2$
                                                  
Not a real error.

[3]
! Preview: Snippet 4 started.
<-><->
      
l.46 \item $
            C = (x+3)^3 - x^3 + 9$
Not a real error.

! Preview: Snippet 4 ended.(533465+163840x6294258).
<-><->
      
l.46 \item $C = (x+3)^3 - x^3 + 9$
                                  
Not a real error.

[4]  !name(seance_02.tex) !offset(19)  ) 
Here is how much of TeX's memory you used:
 215 strings out of 490428
 2931 string characters out of 6105422
 97292 words of memory out of 5000000
 6302 multiletter control sequences out of 15000+600000
 12410 words of font info for 32 fonts, out of 8000000 for 9000
 1141 hyphenation exceptions out of 8191
 22i,4n,24p,166b,148s stack positions out of 5000i,500n,10000p,200000b,80000s
{/usr/share/texmf/fonts/enc/dvips/cm-su
per/cm-super-t1.enc}</usr/share/texlive/texmf-dist/fonts/type1/public/amsfonts/
cm/cmmi10.pfb></usr/share/texlive/texmf-dist/fonts/type1/public/amsfonts/cm/cmr
10.pfb></usr/share/texlive/texmf-dist/fonts/type1/public/amsfonts/cm/cmr7.pfb><
/usr/share/texlive/texmf-dist/fonts/type1/public/amsfonts/cm/cmsy10.pfb></usr/s
hare/texmf/fonts/type1/public/cm-super/sfbx1440.pfb>
Output written on _region_.pdf (4 pages, 44666 bytes).
PDF statistics:
 38 PDF objects out of 1000 (max. 8388607)
 26 compressed objects within 1 object stream
 0 named destinations out of 1000 (max. 500000)
 1 words of extra memory for PDF output out of 10000 (max. 10000000)

