This is pdfTeX, Version 3.14159265-2.6-1.40.16 (TeX Live 2015/Debian) (preloaded format=prv_Analyse_hilbertienne 2017.11.2)  2 NOV 2017 09:15
entering extended mode
 restricted \write18 enabled.
 %&-line parsing enabled.
**&prv_Analyse_hilbertienne _region_.tex
(./_region_.tex
LaTeX2e <2016/02/01>
Babel <3.9q> and hyphenation patterns for 81 language(s) loaded.
CUSTOMISED FORMAT. Preloaded files:
        .
 article.cls    2014/09/29 v1.4h Standard LaTeX document class
  size12.clo    2014/09/29 v1.4h Standard LaTeX file (size option)
commonfmt_1617.tex
inputenc.sty    2015/03/17 v1.2c Input encoding file
  latin1.def    2015/03/17 v1.2c Input encoding file
 fontenc.sty
   t1enc.def    2005/09/27 v1.99g Standard LaTeX file
   babel.sty    2016/02/24 3.9q The Babel package
 frenchb.ldf    2016/02/13 v3.1l French support from the babel system
scalefnt.sty    
  keyval.sty    2014/10/28 v1.15 key=value parser (DPC)
 lmodern.sty    2009/10/30 v1.6 Latin Modern Fonts
      bm.sty    2014/10/28 v1.1c Bold Symbol Support (DPC/FMi)
enumitem.sty    2011/09/28 v3.5.2 Customized lists
graphicx.sty    2014/10/28 v1.0g Enhanced LaTeX Graphics (DPC,SPQR)
graphics.sty    2016/01/03 v1.0q Standard LaTeX Graphics (DPC,SPQR)
    trig.sty    2016/01/03 v1.10 sin cos tan (DPC)
graphics.cfg    2010/04/23 v1.9 graphics configuration of TeX Live
  pdftex.def    2011/05/27 v0.06d Graphics/color for pdfTeX
infwarerr.sty    2010/04/08 v1.3 Providing info/warning/error messages (HO)
 ltxcmds.sty    2011/11/09 v1.22 LaTeX kernel commands for general use (HO)
   color.sty    2016/01/03 v1.1b Standard LaTeX Color (DPC)
   color.cfg    2007/01/18 v1.5 color configuration of teTeX/TeXLive
  a4wide.sty    1994/08/30
      a4.sty    2004/04/15 v1.2g A4 based page layout
  amsthm.sty    2015/03/04 v2.20.2
 amssymb.sty    2013/01/14 v3.01 AMS font symbols
amsfonts.sty    2013/01/14 v3.01 Basic AMSFonts support
 amsmath.sty    2016/03/03 v2.15a AMS math features
 amstext.sty    2000/06/29 v2.01 AMS text
  amsgen.sty    1999/11/30 v2.0 generic functions
  amsbsy.sty    1999/11/29 v1.2d Bold Symbols
  amsopn.sty    1999/12/14 v2.01 operator names
latexsym.sty    1998/08/17 v2.2e Standard LaTeX package (lasy symbols)
mathrsfs.sty    1996/01/01 Math RSFS package v1.0 (jk)
  ot1lmr.fd    2009/10/30 v1.6 Font defs for Latin Modern
  omllmm.fd    2009/10/30 v1.6 Font defs for Latin Modern
 omslmsy.fd    2009/10/30 v1.6 Font defs for Latin Modern
 omxlmex.fd    2009/10/30 v1.6 Font defs for Latin Modern
    umsa.fd    2013/01/14 v3.01 AMS symbols A
    umsb.fd    2013/01/14 v3.01 AMS symbols B
   ulasy.fd    1998/08/17 v2.2e LaTeX symbol font definitions
   ursfs.fd    1998/03/24 rsfs font definition file (jk)
   t1lmr.fd    2009/10/30 v1.6 Font defs for Latin Modern
  t1lmtt.fd    2009/10/30 v1.6 Font defs for Latin Modern
  t1lmss.fd    2009/10/30 v1.6 Font defs for Latin Modern
        .
No file _region_.aux.
LaTeX Font Info:    Checking defaults for OML/cmm/m/it on input line 14.
LaTeX Font Info:    ... okay on input line 14.
LaTeX Font Info:    Checking defaults for T1/cmr/m/n on input line 14.
LaTeX Font Info:    ... okay on input line 14.
LaTeX Font Info:    Checking defaults for OT1/cmr/m/n on input line 14.
LaTeX Font Info:    ... okay on input line 14.
LaTeX Font Info:    Checking defaults for OMS/cmsy/m/n on input line 14.
LaTeX Font Info:    ... okay on input line 14.
LaTeX Font Info:    Checking defaults for OMX/cmex/m/n on input line 14.
LaTeX Font Info:    ... okay on input line 14.
LaTeX Font Info:    Checking defaults for U/cmr/m/n on input line 14.
LaTeX Font Info:    ... okay on input line 14.
(/usr/share/texmf/tex/latex/preview/preview.sty
Package: preview 2010/02/14 11.88 (AUCTeX/preview-latex)

(/usr/share/texmf/tex/latex/preview/prtightpage.def
\PreviewBorder=\dimen118
)
(/usr/share/texmf/tex/latex/preview/prauctex.def
No auxiliary output files.


\hbadness=\count115
\hfuzz=\dimen119
(/usr/share/texmf/tex/latex/preview/prauctex.cfg))
(/usr/share/texmf/tex/latex/preview/prfootnotes.def)
\pr@snippet=\count116
\pr@box=\box29
\pr@output=\toks31

Preview: Fontsize 12pt
Preview: PDFoutput 1
)
LaTeX Info: Redefining \degres on input line 14.
LaTeX Info: Redefining \dots on input line 14.
Package frenchb.ldf Info: Setting StandardItemizeEnv=true for
(frenchb.ldf)             compatibility with enumitem package,
(frenchb.ldf)              on input line 14.
Package frenchb.ldf Info: Setting StandardEnumerateEnv=true for
(frenchb.ldf)             compatibility with enumitem package,
(frenchb.ldf)              on input line 14.
LaTeX Info: Redefining \up on input line 14.
 (/usr/share/texlive/texmf-dist/tex/context/base/supp-pdf.mkii
[Loading MPS to PDF converter (version 2006.09.02).]
\scratchcounter=\count117
\scratchdimen=\dimen120
\scratchbox=\box30
\nofMPsegments=\count118
\nofMParguments=\count119
\everyMPshowfont=\toks32
\MPscratchCnt=\count120
\MPscratchDim=\dimen121
\MPnumerator=\count121
\makeMPintoPDFobject=\count122
\everyMPtoPDFconversion=\toks33
) (/usr/share/texlive/texmf-dist/tex/generic/oberdiek/pdftexcmds.sty
Package: pdftexcmds 2011/11/29 v0.20 Utility functions of pdfTeX for LuaTeX (HO
)

(/usr/share/texlive/texmf-dist/tex/generic/oberdiek/ifluatex.sty
Package: ifluatex 2010/03/01 v1.3 Provides the ifluatex switch (HO)
Package ifluatex Info: LuaTeX not detected.
)
(/usr/share/texlive/texmf-dist/tex/generic/oberdiek/ifpdf.sty
Package: ifpdf 2011/01/30 v2.3 Provides the ifpdf switch (HO)
Package ifpdf Info: pdfTeX in PDF mode is detected.
)
Package pdftexcmds Info: LuaTeX not detected.
Package pdftexcmds Info: \pdf@primitive is available.
Package pdftexcmds Info: \pdf@ifprimitive is available.
Package pdftexcmds Info: \pdfdraftmode found.
)
(/usr/share/texlive/texmf-dist/tex/latex/oberdiek/epstopdf-base.sty
Package: epstopdf-base 2010/02/09 v2.5 Base part for package epstopdf

(/usr/share/texlive/texmf-dist/tex/latex/oberdiek/grfext.sty
Package: grfext 2010/08/19 v1.1 Manage graphics extensions (HO)

(/usr/share/texlive/texmf-dist/tex/generic/oberdiek/kvdefinekeys.sty
Package: kvdefinekeys 2011/04/07 v1.3 Define keys (HO)
))
(/usr/share/texlive/texmf-dist/tex/latex/oberdiek/kvoptions.sty
Package: kvoptions 2011/06/30 v3.11 Key value format for package options (HO)

(/usr/share/texlive/texmf-dist/tex/generic/oberdiek/kvsetkeys.sty
Package: kvsetkeys 2012/04/25 v1.16 Key value parser (HO)

(/usr/share/texlive/texmf-dist/tex/generic/oberdiek/etexcmds.sty
Package: etexcmds 2011/02/16 v1.5 Avoid name clashes with e-TeX commands (HO)
Package etexcmds Info: Could not find \expanded.
(etexcmds)             That can mean that you are not using pdfTeX 1.50 or
(etexcmds)             that some package has redefined \expanded.
(etexcmds)             In the latter case, load this package earlier.
)))
Package grfext Info: Graphics extension search list:
(grfext)             [.png,.pdf,.jpg,.mps,.jpeg,.jbig2,.jb2,.PNG,.PDF,.JPG,.JPE
G,.JBIG2,.JB2,.eps]
(grfext)             \AppendGraphicsExtensions on input line 452.

(/usr/share/texlive/texmf-dist/tex/latex/latexconfig/epstopdf-sys.cfg
File: epstopdf-sys.cfg 2010/07/13 v1.3 Configuration of (r)epstopdf for TeX Liv
e
))
 !name(Analyse_hilbertienne.tex) !offset(11) 
! Preview: Snippet 1 started.
<-><->
      
l.17 \subsection
                {Rappels sur les espaces préhilbertiens, \cite{gourdonan}}
Not a real error.


LaTeX Warning: Citation `gourdonan' on page 1 undefined on input line 17.

Preview: Tightpage -32891 -32891 32891 32891
! Preview: Snippet 1 ended.(707788+235929x33564236).
<-><->
      
l.17 ... espaces préhilbertiens, \cite{gourdonan}}
                                                  
Not a real error.

[1{/var/lib/texmf/fonts/map/pdftex/updmap/pdftex.map}

]
! Preview: Snippet 2 started.
<-><->
      
l.20 Dans toute cette partie, $
                               E$ désignera un espace vectoriel muni d'un pr...

Not a real error.

! Preview: Snippet 2 ended.(537395+0x616124).
<-><->
      
l.20 Dans toute cette partie, $E$
                                  désignera un espace vectoriel muni d'un pr...

Not a real error.

[2]
! Preview: Snippet 3 started.
<-><->
      
l.20 ...ace vectoriel muni d'un produit scalaire $
                                                  \left\langle \cdot\,,\cdot...

Not a real error.

! Preview: Snippet 3 ended.(589824+196608x1524618).
<-><->
      
l.20 ...$\left\langle \cdot\,,\cdot \right\rangle$
                                                  .
Not a real error.

[3]
! Preview: Snippet 4 started.
<-><->
      
l.24 $
      \forall x,y\in E,$
Not a real error.

! Preview: Snippet 4 ended.(546133+152916x3414356).
<-><->
      
l.24 $\forall x,y\in E,$
                        
Not a real error.

[4]
! Preview: Snippet 5 started.
<-><->
      
l.25 \begin{equation*}
                      
Not a real error.

! Preview: Snippet 5 ended.(1179659+0x23482597).
<-><->
      
l.27 \end{equation*}
                    
Not a real error.

[5]

LaTeX Warning: Citation `gourdonal' on page 1 undefined on input line 31.

! Preview: Snippet 6 started.
<-><->
      
l.35 Soit $
           C$ un convexe complet non vide de $E$.
Not a real error.

! Preview: Snippet 6 ended.(537395+0x607403).
<-><->
      
l.35 Soit $C$
              un convexe complet non vide de $E$.
Not a real error.

[6]
! Preview: Snippet 7 started.
<-><->
      
l.35 Soit $C$ un convexe complet non vide de $
                                              E$.
Not a real error.

! Preview: Snippet 7 ended.(537395+0x616124).
<-><->
      
l.35 Soit $C$ un convexe complet non vide de $E$
                                                .
Not a real error.

[7]
! Preview: Snippet 8 started.
<-><->
      
l.37 \item Pour tout $
                      x\in E$, il existe un unique élément de $C$, noté $P_C...

Not a real error.

! Preview: Snippet 8 ended.(537395+30747x2014899).
<-><->
      
l.37 \item Pour tout $x\in E$
                             , il existe un unique élément de $C$, noté $P_C...

Not a real error.

[8]
! Preview: Snippet 9 started.
<-><->
      
l.37 ...$x\in E$, il existe un unique élément de $
                                                  C$, noté $P_C(x)$, tel que
Not a real error.

! Preview: Snippet 9 ended.(537395+0x607403).
<-><->
      
l.37 ...\in E$, il existe un unique élément de $C$
                                                  , noté $P_C(x)$, tel que
Not a real error.

[9]
! Preview: Snippet 10 started.
<-><->
      
l.37 ...il existe un unique élément de $C$, noté $
                                                  P_C(x)$, tel que
Not a real error.

! Preview: Snippet 10 ended.(589824+196608x1999679).
<-><->
      
l.37 ...te un unique élément de $C$, noté $P_C(x)$
                                                  , tel que
Not a real error.

[10]
! Preview: Snippet 11 started.
<-><->
      
l.38 \begin{equation*}
                      
Not a real error.

! Preview: Snippet 11 ended.(1155945+0x23059052).
<-><->
      
l.40 \end{equation*}
                    
Not a real error.

[11]
! Preview: Snippet 12 started.
<-><->
      
l.41 \item $
            P_C(x)$ est caractérisé comme étant l'unique élément de $C$ tel que

Not a real error.

! Preview: Snippet 12 ended.(589824+196608x1999679).
<-><->
      
l.41 \item $P_C(x)$
                    est caractérisé comme étant l'unique élément de $C$ tel que

Not a real error.

[12]
! Preview: Snippet 13 started.
<-><->
      
l.41 ...actérisé comme étant l'unique élément de $
                                                  C$ tel que
Not a real error.

! Preview: Snippet 13 ended.(537395+0x607403).
<-><->
      
l.41 ...térisé comme étant l'unique élément de $C$
                                                   tel que
Not a real error.

[13]
! Preview: Snippet 14 started.
<-><->
      
l.42 \begin{equation*}
                      
Not a real error.

! Preview: Snippet 14 ended.(786432+0x23142316).
<-><->
      
l.44 \end{equation*}
                    
Not a real error.

[14]
! Preview: Snippet 15 started.
<-><->
      
l.45 \item L'opérateur $
                        P_C$ est 1-lipschitzien.
Not a real error.

! Preview: Snippet 15 ended.(537395+117964x963181).
<-><->
      
l.45 \item L'opérateur $P_C$
                             est 1-lipschitzien.
Not a real error.

[15]
! Preview: Snippet 16 started.
<-><->
      
l.46 \item Si $
               C$ est un sous espace vectoriel fermé de $E$, $P_C(x)$ est ca...

Not a real error.

! Preview: Snippet 16 ended.(537395+0x607403).
<-><->
      
l.46 \item Si $C$
                  est un sous espace vectoriel fermé de $E$, $P_C(x)$ est ca...

Not a real error.

[16]
! Preview: Snippet 17 started.
<-><->
      
l.46 ...C$ est un sous espace vectoriel fermé de $
                                                  E$, $P_C(x)$ est caractéri...

Not a real error.

! Preview: Snippet 17 ended.(537395+0x616124).
<-><->
      
l.46 ... est un sous espace vectoriel fermé de $E$
                                                  , $P_C(x)$ est caractérisé...

Not a real error.

[17]
! Preview: Snippet 18 started.
<-><->
      
l.46 ...t un sous espace vectoriel fermé de $E$, $
                                                  P_C(x)$ est caractérisé co...

Not a real error.

! Preview: Snippet 18 ended.(589824+196608x1999679).
<-><->
      
l.46 ...us espace vectoriel fermé de $E$, $P_C(x)$
                                                   est caractérisé comme éta...

Not a real error.

[18]
! Preview: Snippet 19 started.
<-><->
      
l.46 ...actérisé comme étant l'unique élément de $
                                                  C$ tel que
Not a real error.

! Preview: Snippet 19 ended.(537395+0x607403).
<-><->
      
l.46 ...térisé comme étant l'unique élément de $C$
                                                   tel que
Not a real error.

[19]
! Preview: Snippet 20 started.
<-><->
      
l.47 \begin{equation*}
                      
Not a real error.

! Preview: Snippet 20 ended.(786432+0x21548563).
<-><->
      
l.49 \end{equation*}
                    
Not a real error.

[20]
! Preview: Snippet 21 started.
<-><->
      
l.50 et l'opérateur $
                     P_C$ est linéaire.
Not a real error.

! Preview: Snippet 21 ended.(537395+117964x963181).
<-><->
      
l.50 et l'opérateur $P_C$
                          est linéaire.
Not a real error.

[21]

LaTeX Warning: Citation `beck' on page 1 undefined on input line 55.

! Preview: Snippet 22 started.
<-><->
      
l.56 Soient $
             (X,A,\mu)$ un espace mesuré et $F$ une sous tribu de $A$ et $\n...

Not a real error.

! Preview: Snippet 22 ended.(589824+196608x2987539).
<-><->
      
l.56 Soient $(X,A,\mu)$
                        un espace mesuré et $F$ une sous tribu de $A$ et $\n...

Not a real error.

[22]
! Preview: Snippet 23 started.
<-><->
      
l.56 Soient $(X,A,\mu)$ un espace mesuré et $
                                             F$ une sous tribu de $A$ et $\n...

Not a real error.

! Preview: Snippet 23 ended.(537395+0x605430).
<-><->
      
l.56 Soient $(X,A,\mu)$ un espace mesuré et $F$
                                                une sous tribu de $A$ et $\n...

Not a real error.

[23]
! Preview: Snippet 24 started.
<-><->
      
l.56 ...n espace mesuré et $F$ une sous tribu de $
                                                  A$ et $\nu$ la restriction...

Not a real error.

! Preview: Snippet 24 ended.(537395+0x577257).
<-><->
      
l.56 ...espace mesuré et $F$ une sous tribu de $A$
                                                   et $\nu$ la restriction d...

Not a real error.

[24]
! Preview: Snippet 25 started.
<-><->
      
l.56 ...e mesuré et $F$ une sous tribu de $A$ et $
                                                  \nu$ la restriction de $\m...

Not a real error.

! Preview: Snippet 25 ended.(338603+0x430076).
<-><->
      
l.56 ...suré et $F$ une sous tribu de $A$ et $\nu$
                                                   la restriction de $\mu$ à...

Not a real error.

[25]
! Preview: Snippet 26 started.
<-><->
      
l.56 ... tribu de $A$ et $\nu$ la restriction de $
                                                  \mu$ à $F$. Alors $L^2(X,F...

Not a real error.

! Preview: Snippet 26 ended.(338603+152916x463299).
<-><->
      
l.56 ...bu de $A$ et $\nu$ la restriction de $\mu$
                                                   à $F$. Alors $L^2(X,F,\nu...

Not a real error.

[26]
! Preview: Snippet 27 started.
<-><->
      
l.56 ...e $A$ et $\nu$ la restriction de $\mu$ à $
                                                  F$. Alors $L^2(X,F,\nu)$ e...

Not a real error.

! Preview: Snippet 27 ended.(537395+0x605430).
<-><->
      
l.56 ...$A$ et $\nu$ la restriction de $\mu$ à $F$
                                                  . Alors $L^2(X,F,\nu)$ est...

Not a real error.

[27]
! Preview: Snippet 28 started.
<-><->
      
l.56 ...nu$ la restriction de $\mu$ à $F$. Alors $
                                                  L^2(X,F,\nu)$ est un sous ...

Not a real error.

! Preview: Snippet 28 ended.(623261+196608x3732144).
<-><->
      
l.56 ...ction de $\mu$ à $F$. Alors $L^2(X,F,\nu)$
                                                   est un sous espace fermé ...

Not a real error.

[28]
! Preview: Snippet 29 started.
<-><->
      
l.56 ...^2(X,F,\nu)$ est un sous espace fermé de $
                                                  L^2(X,A,\mu)$, et on peut ...

Not a real error.

! Preview: Snippet 29 ended.(623261+196608x3822754).
<-><->
      
l.56 ...est un sous espace fermé de $L^2(X,A,\mu)$
                                                  , et on peut définir l'esp...

Not a real error.

[29]
! Preview: Snippet 30 started.
<-><->
      
l.56 ...finir l'espérance conditionnelle sachant $
                                                  F$ d'un élément de $L^2(X,...

Not a real error.

! Preview: Snippet 30 ended.(537395+0x605430).
<-><->
      
l.56 ...nir l'espérance conditionnelle sachant $F$
                                                   d'un élément de $L^2(X,A,...

Not a real error.

[30]
! Preview: Snippet 31 started.
<-><->
      
l.56 ...nditionnelle sachant $F$ d'un élément de $
                                                  L^2(X,A,\mu)$ comme son pr...

Not a real error.

! Preview: Snippet 31 ended.(623261+196608x3822754).
<-><->
      
l.56 ...sachant $F$ d'un élément de $L^2(X,A,\mu)$
                                                   comme son projeté orthogo...

Not a real error.

[31]
! Preview: Snippet 32 started.
<-><->
      
l.56 ...A,\mu)$ comme son projeté orthogonal sur $
                                                  L^2(X,F,\nu)$.
Not a real error.

! Preview: Snippet 32 ended.(623261+196608x3732144).
<-><->
      
l.56 ... son projeté orthogonal sur $L^2(X,F,\nu)$
                                                  .
Not a real error.

[32]  !name(Analyse_hilbertienne.tex) !offset(640) 

LaTeX Warning: There were undefined references.

 ) 
Here is how much of TeX's memory you used:
 863 strings out of 489203
 13208 string characters out of 6085020
 128232 words of memory out of 5000000
 8064 multiletter control sequences out of 15000+600000
 55195 words of font info for 56 fonts, out of 8000000 for 9000
 1141 hyphenation exceptions out of 8191
 38i,5n,26p,358b,290s stack positions out of 5000i,500n,10000p,200000b,80000s
{/usr/share/texmf/fonts/enc/dvips/lm/lm-mathsy.enc}{/usr/share/texmf/fonts/en
c/dvips/lm/lm-mathit.enc}{/usr/share/texmf/fonts/enc/dvips/lm/lm-mathex.enc}{/u
sr/share/texmf/fonts/enc/dvips/lm/lm-rm.enc}{/usr/share/texmf/fonts/enc/dvips/l
m/lm-ec.enc}</usr/share/texmf/fonts/type1/public/lm/lmbx12.pfb></usr/share/texm
f/fonts/type1/public/lm/lmex10.pfb></usr/share/texmf/fonts/type1/public/lm/lmmi
12.pfb></usr/share/texmf/fonts/type1/public/lm/lmmi8.pfb></usr/share/texmf/font
s/type1/public/lm/lmr12.pfb></usr/share/texmf/fonts/type1/public/lm/lmr8.pfb></
usr/share/texmf/fonts/type1/public/lm/lmsy10.pfb></usr/share/texmf/fonts/type1/
public/lm/lmsy8.pfb>
Output written on _region_.pdf (32 pages, 92038 bytes).
PDF statistics:
 145 PDF objects out of 1000 (max. 8388607)
 101 compressed objects within 2 object streams
 0 named destinations out of 1000 (max. 500000)
 1 words of extra memory for PDF output out of 10000 (max. 10000000)

