\BOOKMARK [1][-]{section.1}{Permutations et probabilit\351s}{}% 1
\BOOKMARK [1][-]{section.2}{Formule de Vandermonde}{}% 2
\BOOKMARK [1][-]{section.3}{Nombre de surjections}{}% 3
\BOOKMARK [1][-]{section.4}{Nombre de d\351rangements}{}% 4
\BOOKMARK [1][-]{section.5}{Suites croissantes \(1\)}{}% 5
\BOOKMARK [1][-]{section.6}{Suites croissantes \(2\)}{}% 6
\BOOKMARK [1][-]{section.7}{Des droites et des triangles}{}% 7
\BOOKMARK [1][-]{section.8}{Relations d'ordre}{}% 8
\BOOKMARK [1][-]{section.9}{Des anagrammes}{}% 9
\BOOKMARK [1][-]{section.10}{Le paradoxe du prince de Toscane}{}% 10
\BOOKMARK [1][-]{section.11}{Dimension d'un espace vectoriel}{}% 11
\BOOKMARK [1][-]{section.12}{Sommes de Riemann et \351quivalent}{}% 12
\BOOKMARK [1][-]{section.13}{Une s\351rie convergente ?}{}% 13
\BOOKMARK [1][-]{section.14}{Un produit convergent ?}{}% 14
\BOOKMARK [1][-]{section.15}{S\351ries de Bertrand}{}% 15
\BOOKMARK [1][-]{section.16}{Calcul de limite \(1\)}{}% 16
\BOOKMARK [1][-]{section.17}{Calcul de limite \(2\)}{}% 17
\BOOKMARK [1][-]{section.18}{Somme des inverses des nombres premiers}{}% 18
\BOOKMARK [1][-]{section.19}{Transformation d'Abel et application}{}% 19
\BOOKMARK [1][-]{section.20}{Valeur absolue et sinus}{}% 20
